[2026/02/17 23:59:49] Loading All Scripts....................
[2026/02/17 23:59:49] Load Rank FUNC_RANK_EQUIPVALUE
[2026/02/17 23:59:49] Load Stable Rank count 0
[2026/02/17 23:59:49] Load Dynamic Rank count 0
[2026/02/17 23:59:49] Load Rank FUNC_RANK_EQUIPVALUE end
[2026/02/17 23:59:49] load[NIL] is not supported!!!
[2026/02/17 23:59:49] 
All Scripts Have Been Loaded! Count = 83
[2026/02/17 23:59:49] root client[:0] create
[2026/02/17 23:59:51] start autotimer for Ping: 
[2026/02/17 23:59:51] gateway client create: 127.0.0.1
[2026/02/17 23:59:51] TRIP_MODE: None
[2026/02/17 23:59:51] Loading World Setting...
[2026/02/17 23:59:51] Reset map pho ban thanh cong
[2026/02/17 23:59:51] Load League Data...Not League Data.
[2026/02/17 23:59:51] =====> THONG BAO TIN TUC TU DONG
[2026/02/17 23:59:51] =====> BAT DAU KHOI DONG CAC TINH NANG CUA GAME VO LAM TRUYEN KY <=====
[2026/02/17 23:59:51] ================[START BOSS HOANG KIM [20:45 PM] ]==================
[2026/02/17 23:59:51] =================Phong Lang Do 0:0================== 
[2026/02/17 23:59:51] =====> CHIEN TRUONG TONG KIM BAT DAU DA LEN LICH GIO LE, BAT DAU TU 25:00 <=====
[2026/02/17 23:59:51] =====> VUOT AI KHIEU CHIEN THOI GIAN BAT DAU 0:0...
[2026/02/17 23:59:51] =====> BANG XEP HANG <THACH THUC THOI GIAN> MOI NGAY=======
[2026/02/17 23:59:51] =================GLOBALEXCUTECHAT=================
[2026/02/17 23:59:51] Qua Hoang Kim
[2026/02/17 23:59:51] =====> PHONG HOA LIEN THANH LEN LICH GIO CHAN, BAT DAU TU 00:00
[2026/02/17 23:59:51] ================[START BOSS HOANG KIM [12:45 PM] ]==================
[2026/02/17 23:59:51] Failed to init statdatamanager!
[2026/02/17 23:59:51] S3Relay -- S3Relay- Khoi dong hoan tat! 
[2026/02/17 23:59:51] 
*
***** S3Relay Start (@ 161343792/00/43200 00:-8374248:135861597.136280271) >>>>>
*


[2026/02/17 23:59:51] SockThread start success
[2026/02/17 23:59:51] Tinh Nang Da Khoi Dong -->Vuot Ai
[2026/02/17 23:59:51] Tinh Nang Moi Da Khoi Dong-->Vuot Ai
[2026/02/17 23:59:51] Tinh Nang Da Khoi Dong -->Phong Lang Do
[2026/02/17 23:59:51] Tinh Nang Moi Da Khoi Dong-->Phong Lang Do
[2026/02/17 23:59:51] Tinh Nang Da Khoi Dong -->Tong Kim
[2026/02/17 23:59:51] Tinh Nang Moi Da Khoi Dong-->Tong Kim
[2026/02/17 23:59:51] Tinh Nang Da Khoi Dong -->Boss Hoang Kim
[2026/02/17 23:59:51] Tinh Nang Moi Da Khoi Dong-->Boss Hoang Kim
[2026/02/17 23:59:51] Tinh Nang Da Khoi Dong -->Boss Tieu Hoang Kim
[2026/02/17 23:59:51] Tinh Nang Moi Da Khoi Dong-->Boss Tieu Hoang Kim
[2026/02/17 23:59:51] Tinh Nang Da Khoi Dong -->That Thanh Dai Chien
[2026/02/17 23:59:51] Tinh Nang Moi Da Khoi Dong-->That Thanh Dai Chien
[2026/02/17 23:59:51] Tinh Nang Da Khoi Dong -->Doan Hoa Dang
[2026/02/17 23:59:51] Tinh Nang Moi Da Khoi Dong-->Doan Hoa Dang
[2026/02/17 23:59:51] Tinh Nang Da Khoi Dong -->Lien Dau
[2026/02/17 23:59:51] Tinh Nang Moi Da Khoi Dong-->Lien Dau
[2026/02/18 00:00:04] ChatConnection create: 127.0.0.1
[2026/02/18 00:00:04] TongConnection create: 127.0.0.1
[2026/02/18 00:00:04] HostConnection create: 127.0.0.1
[2026/02/18 00:00:10] TongDataSendFinish: 127.0.0.1
[2026/02/18 00:00:10] GameServerLogin: 127.0.0.1
[2026/02/18 00:00:10] Assign Dynamic map(948,70001) for GS:0
[2026/02/18 00:00:10] GS:0 Total Dynamic map:1
[2026/02/18 00:00:10] GS:0 Total Static map:673
[2026/02/18 00:00:10] Assign Dynamic map(948,70002) for GS:0
[2026/02/18 00:00:10] GS:0 Total Dynamic map:2
[2026/02/18 00:00:10] GS:0 Total Static map:673
[2026/02/18 00:00:10] Assign Dynamic map(948,70003) for GS:0
[2026/02/18 00:00:10] GS:0 Total Dynamic map:3
[2026/02/18 00:00:10] GS:0 Total Static map:673
[2026/02/18 00:00:10] Assign Dynamic map(948,70004) for GS:0
[2026/02/18 00:00:10] GS:0 Total Dynamic map:4
[2026/02/18 00:00:10] GS:0 Total Static map:673
[2026/02/18 00:00:10] Assign Dynamic map(948,70005) for GS:0
[2026/02/18 00:00:10] GS:0 Total Dynamic map:5
[2026/02/18 00:00:10] GS:0 Total Static map:673
[2026/02/18 00:00:10] Assign Dynamic map(958,70006) for GS:0
[2026/02/18 00:00:10] GS:0 Total Dynamic map: