[2026/01/04 19:22:33] Delete event data: ShareKey(EVENT_cailuhongbao), Param1(-1), Param2(-1), Timeout(2020-3-30)
[2026/01/04 19:22:33] Delete event data: ShareKey(EVENT_MIDAUT_2010), Param1(-1), Param2(-1), Timeout(2020-10-19)
[2026/01/04 19:22:33] Delete event data: ShareKey(EVENT_dayanqunxia), Param1(-1), Param2(-1), Timeout(2020-3-20)
[2026/01/04 19:22:33] Delete event data: ShareKey(FUNC_RANK_EQUIPVALUE), Param1(-1), Param2(-1), Timeout(2020-6-4)
[2026/01/04 19:22:33] Delete event data: ShareKey(EVENT_April_zhushuai), Param1(-1), Param2(-1), Timeout(2020-6-4)
[2026/01/04 19:22:33] Loading All Scripts....................
[2026/01/04 19:22:33] Load Rank FUNC_RANK_EQUIPVALUE
[2026/01/04 19:22:33] Load Stable Rank count 0
[2026/01/04 19:22:33] Load Dynamic Rank count 0
[2026/01/04 19:22:33] Load Rank FUNC_RANK_EQUIPVALUE end
[2026/01/04 19:22:33] 
All Scripts Have Been Loaded! Count = 83
[2026/01/04 19:22:33] root client[:0] create
[2026/01/04 19:22:35] start autotimer for Ping: 
[2026/01/04 19:22:35] TRIP_MODE: None
[2026/01/04 19:22:35] Loading World Setting...
[2026/01/04 19:22:35] Reset map pho ban thanh cong
[2026/01/04 19:22:35] gateway client create: 127.0.0.1
[2026/01/04 19:22:35] Load LeagueData: LeagueType: 4, Leagues: 7, Roles: 7
[2026/01/04 19:22:35] Load LeagueData: LeagueType: 500, Leagues: 6, Roles: 6
[2026/01/04 19:22:35] Load LeagueData: LeagueType: 502, Leagues: 19, Roles: 19
[2026/01/04 19:22:35] Load LeagueData: LeagueType: 10000, Leagues: 1, Roles: 0
[2026/01/04 19:22:35] =====> THONG BAO TIN TUC TU DONG
[2026/01/04 19:22:35] =====> BAT DAU KHOI DONG CAC TINH NANG CUA GAME VO LAM TRUYEN KY <=====
[2026/01/04 19:22:35] ================[START BOSS HOANG KIM [20:45 PM] ]==================
[2026/01/04 19:22:35] =================Phong Lang Do 20:0================== 
[2026/01/04 19:22:35] =====> CHIEN TRUONG TONG KIM BAT DAU DA LEN LICH GIO LE, BAT DAU TU 21:00 <=====
[2026/01/04 19:22:35] =====> VUOT AI KHIEU CHIEN THOI GIAN BAT DAU 20:0...
[2026/01/04 19:22:35] =====> BANG XEP HANG <THACH THUC THOI GIAN> MOI NGAY=======
[2026/01/04 19:22:35] =================GLOBALEXCUTECHAT=================
[2026/01/04 19:22:35] Qua Hoang Kim
[2026/01/04 19:22:35] =====> PHONG HOA LIEN THANH LEN LICH GIO CHAN, BAT DAU TU 20:00
[2026/01/04 19:22:35] ================[START BOSS HOANG KIM [12:45 PM] ]==================
[2026/01/04 19:22:35] Failed to init statdatamanager!
[2026/01/04 19:22:35] S3Relay -- S3Relay- Khoi dong hoan tat! 
[2026/01/04 19:22:35] 
*
***** S3Relay Start (@ 157698352/00/43200 00:-458536:135861597.136280271) >>>>>
*


[2026/01/04 19:22:35] SockThread start success
[2026/01/04 19:22:35] Tinh Nang Da Khoi Dong-->Vuot Ai
[2026/01/04 19:22:35] Tinh Nang Da Khoi Dong-->Phong Lang Do
[2026/01/04 19:22:35] Tinh Nang Da Khoi Dong-->Tong Kim
[2026/01/04 19:22:35] Tinh Nang Da Khoi Dong-->Boss Hoang Kim
[2026/01/04 19:22:35] Tinh Nang Da Khoi Dong-->Boss Tieu Hoang Kim
[2026/01/04 19:22:35] Tinh Nang Da Khoi Dong-->That Thanh Dai Chien
[2026/01/04 19:22:35] Tinh Nang Da Khoi Dong-->Doan Hoa Dang
[2026/01/04 19:22:35] Tinh Nang Da Khoi Dong-->Lien Dau
[2026/01/04 19:22:47] ChatConnection create: 127.0.0.1
[2026/01/04 19:22:47] TongConnection create: 127.0.0.1
[2026/01/04 19:22:47] HostConnection create: 127.0.0.1
[2026/01/04 19:22:52] TongDataSendFinish: 127.0.0.1
[2026/01/04 19:22:52] GameServerLogin: 127.0.0.1
[2026/01/04 19:22:53] Assign Dynamic map(948,70111) for GS:0
[2026/01/04 19:22:53] GS:0 Total Dynamic map:1
[2026/01/04 19:22:53] GS:0 Total Static map:673
[2026/01/04 19:22:53] Assign Dynamic map(948,70112) for GS:0
[2026/01/04 19:22:53] GS:0 Total Dynamic map:2
[2026/01/04 19:22:53] GS:0 Total Static map:673
[2026/01/04 19:22:53] Assign Dynamic map(948,70113) for GS:0
[2026/01/04 19:22:53] GS:0 Total Dynamic map:3
[2026/01/04 19:22:53] GS:0 Total Static map:673
[2026/01/04 19:22:53] Assign Dynamic map(948,70114) for GS:0
[2026/01/04 19:22:53] GS:0 Total Dynamic map:4
[2026/01/04 19:22:53] GS:0 Total Static map:673
[2026/01/04 19:22:53]