[2025/12/04 20:35:20] Delete event data: ShareKey(EVENT_cailuhongbao), Param1(-1), Param2(-1), Timeout(2020-3-30)
[2025/12/04 20:35:20] Delete event data: ShareKey(EVENT_MIDAUT_2010), Param1(-1), Param2(-1), Timeout(2020-10-19)
[2025/12/04 20:35:20] Delete event data: ShareKey(EVENT_dayanqunxia), Param1(-1), Param2(-1), Timeout(2020-3-20)
[2025/12/04 20:35:20] Delete event data: ShareKey(FUNC_RANK_EQUIPVALUE), Param1(-1), Param2(-1), Timeout(2020-6-4)
[2025/12/04 20:35:20] Delete event data: ShareKey(EVENT_April_zhushuai), Param1(-1), Param2(-1), Timeout(2020-6-4)
[2025/12/04 20:35:20] Loading All Scripts....................
[2025/12/04 20:35:20] Load Rank FUNC_RANK_EQUIPVALUE
[2025/12/04 20:35:20] Load Stable Rank count 0
[2025/12/04 20:35:20] Load Dynamic Rank count 0
[2025/12/04 20:35:20] Load Rank FUNC_RANK_EQUIPVALUE end
[2025/12/04 20:35:20] 
All Scripts Have Been Loaded! Count = 83
[2025/12/04 20:35:20] root client[:0] create
[2025/12/04 20:35:22] start autotimer for Ping: 
[2025/12/04 20:35:22] TRIP_MODE: None
[2025/12/04 20:35:22] Loading World Setting...
[2025/12/04 20:35:22] Reset map pho ban thanh cong
[2025/12/04 20:35:22] gateway client create: 127.0.0.1
[2025/12/04 20:35:22] Load LeagueData: LeagueType: 4, Leagues: 7, Roles: 7
[2025/12/04 20:35:22] Load LeagueData: LeagueType: 500, Leagues: 1, Roles: 1
[2025/12/04 20:35:22] Load LeagueData: LeagueType: 502, Leagues: 8, Roles: 8
[2025/12/04 20:35:22] Load LeagueData: LeagueType: 8888, Leagues: 3, Roles: 0
[2025/12/04 20:35:22] Load LeagueData: LeagueType: 10000, Leagues: 1, Roles: 0
[2025/12/04 20:35:22] =====> THONG BAO TIN TUC TU DONG
[2025/12/04 20:35:22] =====> BAT DAU KHOI DONG CAC TINH NANG CUA GAME VO LAM TRUYEN KY <=====
[2025/12/04 20:35:22] ================[START BOSS HOANG KIM [21:00 PM] ]==================
[2025/12/04 20:35:22] =================Phong Lang Do 21:0================== 
[2025/12/04 20:35:22] =====> CHIEN TRUONG TONG KIM BAT DAU DA LEN LICH GIO LE, BAT DAU TU 21:00 <=====
[2025/12/04 20:35:22] =====> VUOT AI KHIEU CHIEN THOI GIAN BAT DAU 21:0...
[2025/12/04 20:35:22] =====> BANG XEP HANG <THACH THUC THOI GIAN> MOI NGAY=======
[2025/12/04 20:35:22] =================GLOBALEXCUTECHAT=================
[2025/12/04 20:35:22] Qua Hoang Kim
[2025/12/04 20:35:22] =====> PHONG HOA LIEN THANH LEN LICH GIO CHAN, BAT DAU TU 22:00
[2025/12/04 20:35:22] Failed to init statdatamanager!
[2025/12/04 20:35:22] S3Relay -- S3Relay- Khoi dong hoan tat! 
[2025/12/04 20:35:22] 
*
***** S3Relay Start (@ 147106096/00/43200 00:-5843208:135861597.136280271) >>>>>
*


[2025/12/04 20:35:22] SockThread start success
[2025/12/04 20:35:22] Tinh Nang Da Khoi Dong-->Vuot Ai
[2025/12/04 20:35:22] Tinh Nang Da Khoi Dong-->Phong Lang Do
[2025/12/04 20:35:22] Tinh Nang Da Khoi Dong-->Tong Kim
[2025/12/04 20:35:22] Tinh Nang Da Khoi Dong-->Boss Hoang Kim
[2025/12/04 20:35:22] Tinh Nang Da Khoi Dong-->Boss Tieu Hoang Kim
[2025/12/04 20:35:22] Tinh Nang Da Khoi Dong-->That Thanh Dai Chien
[2025/12/04 20:35:22] Tinh Nang Da Khoi Dong-->Doan Hoa Dang
[2025/12/04 20:35:22] Tinh Nang Da Khoi Dong-->Lien Dau
[2025/12/04 20:35:31] ChatConnection create: 127.0.0.1
[2025/12/04 20:35:31] TongConnection create: 127.0.0.1
[2025/12/04 20:35:31] HostConnection create: 127.0.0.1
[2025/12/04 20:35:34] TongDataSendFinish: 127.0.0.1
[2025/12/04 20:35:34] GameServerLogin: 127.0.0.1
[2025/12/04 20:35:34] Assign Dynamic map(948,70031) for GS:0
[2025/12/04 20:35:34] GS:0 Total Dynamic map:1
[2025/12/04 20:35:34] GS:0 Total Static map:673
[2025/12/04 20:35:34] Assign Dynamic map(948,70032) for GS:0
[2025/12/04 20:35:34] GS:0 Total Dynamic map:2
[2025/12/04 20:35:34] GS:0 Total Static map:673
[2025/12/04 20:35:34] Assign Dynamic map(948,70033) for GS:0
[2025/12/04 20:35:34] GS:0 Total Dynamic map:3
[2025/12/04 20:35:34] GS:0 Total Static map:673
[2025/12/04 20:35:34] Assign Dynamic map(948,70034) for GS:0
[2025/12/04 20:35:34] GS:0 Total Dynamic map:4
[2025/12/04 20:35:34] GS:0 Total Static map:673
[2025/12/04 20:35:34] Assign Dynamic map(948,70035) for GS:0
[2025/12/04 20:35:34] GS:0 Total Dynamic map:5
[2025/12/04 20:35:34] GS:0 Total Static map:673
[2025/12/04 20:35:34] Assign Dynamic map(958,70036) for GS:0
[2025/12/04 20:35:34] GS:0 Total Dynamic map:6
[2025/12/04 20:35:34] GS:0 Total Static map:673
[2025/12/04 20:35:34] Assign Dynamic map(958,70037) for GS:0
[2025/12/04 20:35:34] GS:0 Total Dynamic map:7
[2025/12/04 20:35:34] GS:0 Total Static map:673
[2025/12/04 20:35:34] Assign Dynamic map(958,70038) for GS:0
[2025/12/04 20:35:34] GS:0 Total Dynamic map:8
[2025/12/04 20:35:34] GS:0 Total Static map:673
[2025/12/04 20:35:34] Assign Dynamic map(958,70039) for GS:0
[2025/12/04 20:35:34] GS:0 Total Dynamic map:9
[2025/12/04 20:35:34] GS:0 Total Static map:673
[2025/12/04 20:35:34] Assign Dynamic map(958,70040) for GS:0
[2025/12/04 20:35:34] GS:0 Total Dynamic map:10
[2025/12/04 20:35:34] GS:0 Total Static map:673
[2025/12/04 20:35:34] Assign Dynamic map(976,65536) for GS:0
[2025/12/04 20:35:34] GS:0 Total Dynamic map:11
[2025/12/04 20:35:34] GS:0 Total Static map:673
[2025/12/04 20:35:34] Assign Dynamic map(976,65537) for GS:0
[2025/12/04 20:35:34] GS:0 Total Dynamic map:12
[2025/12/04 20:35:34] GS:0 Total Static map:673
[2025/12/04 20:35:34] Assign Dynamic map(976,65538) for GS:0
[2025/12/04 20:35:34] GS:0 Total Dynamic map:13
[2025/12/04 20:35:34] GS:0 Total Static map:673
[2025/12/04 20:35:34] Assign Dynamic map(976,65539) for GS:0
[2025/12/04 20:35:34] GS:0 Total Dynamic map:14
[2025/12/04 20:35:34] GS:0 Total Static map:673
[2025/12/04 20:35:34] Assign Dynamic map(976,65540) for GS:0
[2025/12/04 20:35:34] GS:0 Total Dynamic map:15
[2025/12/04 20:35:34] GS:0 Total Static map:673
[2025/12/04 20:35:34] Assign Dynamic map(975,65541) for GS:0
[2025/12/04 20:35:34] GS:0 Total Dynamic map:16
[2025/12/04 20:35:34] GS:0 Total Static map:673
[2025/12/04 20:35:34] Assign Dynamic map(975,65542) for GS:0
[2025/12/04 20:35:34] GS:0 Total Dynamic map:17
[2025/12/04 20:35:34] GS:0 Total Static map:673
[2025/12/04 20:35:34] Assign Dynamic map(975,65543) for GS:0
[2025/12/04 20:35:34] GS:0 Total Dynamic map:18
[2025/12/04 20:35:34] GS:0 Total Static map:673
[2025/12/04 20:35:34] Assign Dynamic map(975,65544) for GS:0
[2025/12/04 20:35:34] GS:0 Total Dynamic map:19
[2025/12/04 20:35:34] GS:0 Total Static map:673
[2025/12/04 20:35:34] Assign Dynamic map(975,65545) for GS:0
[2025/12/04 20:35:34] GS:0 Total Dynamic map:20
[2025/12/04 20:35:34] GS:0 Total Static map:673
[2025/12/04 21:00:22] ============[RUN BOSS HOANG KIM [21:00 PM] ]=============
[2025/12/04 21:00:22] =================Phong Lang Do RUN============== 
[2025/12/04 21:00:22] VUOT AI KHIEU CHIEN THOI GIAN DANG GHI DANH
[2025/12/04 21:00:22] -----------------------------------------------------------------------------------------------------------------------------------------------------------------------------------
[2025/12/04 21:00:22] [2025-12-04 21:00:22]  NEW BATTLE START
[2025/12/04 21:00:22] BattleID: 1   BattleLevel: 3   Issue: 1   2th.Round
[2025/12/04 21:00:22] RoundID: 3   MapPattern: 12   BattleMapID:  1   WorldMapID: 380   MapName: Ngò Ph­¬ng Nguyªn ChiÕn   RuleID: 6
[2025/12/04 21:00:22] -----------------------------------------------------------------------------------------------------------------------------------------------------------------------------------
[2025/12/04 21:47:22] -----------------------------------------------------------------------------------------------------------------------------------------------------------------------------------
[2025/12/04 21:47:22] [2025-12-04 21:47:22]  BATTLE END
[2025/12/04 21:47:22] BattleID: 1   BattleLevel: 3   Issue: 1   2th.Round RoundId: 3   Result: 1
[2025/12/04 21:47:22] -----------------------------------------------------------------------------------------------------------------------------------------------------------------------------------
[2025/12/04 22:00:22] =================Phong Lang Do RUN============== 
[2025/12/04 22:00:22] VUOT AI KHIEU CHIEN T