[2025/12/04 17:36:35] Loading All Scripts....................
[2025/12/04 17:36:35] Load Rank FUNC_RANK_EQUIPVALUE
[2025/12/04 17:36:35] Load Stable Rank count 0
[2025/12/04 17:36:35] Load Dynamic Rank count 0
[2025/12/04 17:36:35] Load Rank FUNC_RANK_EQUIPVALUE end
[2025/12/04 17:36:35] load[NIL] is not supported!!!
[2025/12/04 17:36:35] 
All Scripts Have Been Loaded! Count = 83
[2025/12/04 17:36:35] root client[:0] create
[2025/12/04 17:36:37] start autotimer for Ping: 
[2025/12/04 17:36:37] TRIP_MODE: None
[2025/12/04 17:36:37] Loading World Setting...
[2025/12/04 17:36:37] Reset map pho ban thanh cong
[2025/12/04 17:36:37] gateway client create: 127.0.0.1
[2025/12/04 17:36:37] Load League Data...Not League Data.
[2025/12/04 17:36:37] =====> THONG BAO TIN TUC TU DONG
[2025/12/04 17:36:37] =====> BAT DAU KHOI DONG CAC TINH NANG CUA GAME VO LAM TRUYEN KY <=====
[2025/12/04 17:36:37] ================[START BOSS HOANG KIM [21:00 PM] ]==================
[2025/12/04 17:36:37] =================Phong Lang Do 18:0================== 
[2025/12/04 17:36:37] =====> CHIEN TRUONG TONG KIM BAT DAU DA LEN LICH GIO LE, BAT DAU TU 19:00 <=====
[2025/12/04 17:36:37] =====> VUOT AI KHIEU CHIEN THOI GIAN BAT DAU 18:0...
[2025/12/04 17:36:37] =====> BANG XEP HANG <THACH THUC THOI GIAN> MOI NGAY=======
[2025/12/04 17:36:37] =================GLOBALEXCUTECHAT=================
[2025/12/04 17:36:37] Qua Hoang Kim
[2025/12/04 17:36:37] =====> PHONG HOA LIEN THANH LEN LICH GIO CHAN, BAT DAU TU 18:00
[2025/12/04 17:36:37] Failed to init statdatamanager!
[2025/12/04 17:36:37] S3Relay -- S3Relay- Khoi dong hoan tat! 
[2025/12/04 17:36:37] 
*
***** S3Relay Start (@ 164518192/00/43200 00:-3149432:135861597.136280271) >>>>>
*


[2025/12/04 17:36:37] SockThread start success
[2025/12/04 17:36:37] Tinh Nang Da Khoi Dong -->Vuot Ai
[2025/12/04 17:36:37] Tinh Nang Moi Da Khoi Dong-->Vuot Ai
[2025/12/04 17:36:37] Tinh Nang Da Khoi Dong -->Phong Lang Do
[2025/12/04 17:36:37] Tinh Nang Moi Da Khoi Dong-->Phong Lang Do
[2025/12/04 17:36:37] Tinh Nang Da Khoi Dong -->Tong Kim
[2025/12/04 17:36:37] Tinh Nang Moi Da Khoi Dong-->Tong Kim
[2025/12/04 17:36:37] Tinh Nang Da Khoi Dong -->Boss Hoang Kim
[2025/12/04 17:36:37] Tinh Nang Moi Da Khoi Dong-->Boss Hoang Kim
[2025/12/04 17:36:37] Tinh Nang Da Khoi Dong -->Boss Tieu Hoang Kim
[2025/12/04 17:36:37] Tinh Nang Moi Da Khoi Dong-->Boss Tieu Hoang Kim
[2025/12/04 17:36:37] Tinh Nang Da Khoi Dong -->That Thanh Dai Chien
[2025/12/04 17:36:37] Tinh Nang Moi Da Khoi Dong-->That Thanh Dai Chien
[2025/12/04 17:36:37] Tinh Nang Da Khoi Dong -->Doan Hoa Dang
[2025/12/04 17:36:37] Tinh Nang Moi Da Khoi Dong-->Doan Hoa Dang
[2025/12/04 17:36:37] Tinh Nang Da Khoi Dong -->Lien Dau
[2025/12/04 17:36:37] Tinh Nang Moi Da Khoi Dong-->Lien Dau
[2025/12/04 17:36:52] HostConnection create: 127.0.0.1
[2025/12/04 17:36:52] TongConnection create: 127.0.0.1
[2025/12/04 17:36:52] ChatConnection create: 127.0.0.1
[2025/12/04 17:36:59] TongDataSendFinish: 127.0.0.1
[2025/12/04 17:36:59] GameServerLogin: 127.0.0.1
[2025/12/04 17:36:59] Assign Dynamic map(948,70001) for GS:0
[2025/12/04 17:36:59] GS:0 Total Dynamic map:1
[2025/12/04 17:36:59] GS:0 Total Static map:673
[2025/12/04 17:36:59] Assign Dynamic map(948,70002) for GS:0
[2025/12/04 17:36:59] GS:0 Total Dynamic map:2
[2025/12/04 17:36:59] GS:0 Total Static map:673
[2025/12/04 17:36:59] Assign Dynamic map(948,70003) for GS:0
[2025/12/04 17:36:59] GS:0 Total Dynamic map:3
[2025/12/04 17:36:59] GS:0 Total Static map:673
[2025/12/04 17:36:59] Assign Dynamic map(948,70004) for GS:0
[2025/12/04 17:36:59] GS:0 Total Dynamic map:4
[2025/12/04 17:36:59] GS:0 Total Static map:673
[2025/12/04 17:36:59] Assign Dynamic map(948,70005) for GS:0
[2025/12/04 17:36:59] GS:0 Total Dynamic map:5
[2025/12/04 17:36:59] GS:0 Total Static map:673
[2025/12/04 17:36:59] Assign Dynamic map(958,70006) for GS:0
[2025/12/04 17:36:59] GS:0 Total Dynamic map:6
[2025/12/04 17:36:59] GS:0 Total Static map:673
[2025/12/04 17:36:59] Assign Dynamic m