[2025/12/04 18:02:08] Delete event data: ShareKey(EVENT_cailuhongbao), Param1(-1), Param2(-1), Timeout(2020-3-30)
[2025/12/04 18:02:08] Delete event data: ShareKey(EVENT_MIDAUT_2010), Param1(-1), Param2(-1), Timeout(2020-10-19)
[2025/12/04 18:02:08] Delete event data: ShareKey(EVENT_dayanqunxia), Param1(-1), Param2(-1), Timeout(2020-3-20)
[2025/12/04 18:02:08] Delete event data: ShareKey(FUNC_RANK_EQUIPVALUE), Param1(-1), Param2(-1), Timeout(2020-6-4)
[2025/12/04 18:02:08] Delete event data: ShareKey(EVENT_April_zhushuai), Param1(-1), Param2(-1), Timeout(2020-6-4)
[2025/12/04 18:02:08] Loading All Scripts....................
[2025/12/04 18:02:08] Load Rank FUNC_RANK_EQUIPVALUE
[2025/12/04 18:02:08] Load Stable Rank count 0
[2025/12/04 18:02:08] Load Dynamic Rank count 0
[2025/12/04 18:02:08] Load Rank FUNC_RANK_EQUIPVALUE end
[2025/12/04 18:02:08] 
All Scripts Have Been Loaded! Count = 83
[2025/12/04 18:02:08] root client[:0] create
[2025/12/04 18:02:10] start autotimer for Ping: 
[2025/12/04 18:02:10] TRIP_MODE: None
[2025/12/04 18:02:10] Loading World Setting...
[2025/12/04 18:02:10] Reset map pho ban thanh cong
[2025/12/04 18:02:10] gateway client create: 127.0.0.1
[2025/12/04 18:02:10] Load LeagueData: LeagueType: 4, Leagues: 7, Roles: 7
[2025/12/04 18:02:10] Load LeagueData: LeagueType: 502, Leagues: 8, Roles: 8
[2025/12/04 18:02:10] =====> THONG BAO TIN TUC TU DONG
[2025/12/04 18:02:10] =====> BAT DAU KHOI DONG CAC TINH NANG CUA GAME VO LAM TRUYEN KY <=====
[2025/12/04 18:02:10] ================[START BOSS HOANG KIM [21:00 PM] ]==================
[2025/12/04 18:02:10] =================Phong Lang Do 19:0================== 
[2025/12/04 18:02:10] =====> CHIEN TRUONG TONG KIM BAT DAU DA LEN LICH GIO LE, BAT DAU TU 19:00 <=====
[2025/12/04 18:02:10] =====> VUOT AI KHIEU CHIEN THOI GIAN BAT DAU 19:0...
[2025/12/04 18:02:10] =====> BANG XEP HANG <THACH THUC THOI GIAN> MOI NGAY=======
[2025/12/04 18:02:10] =================GLOBALEXCUTECHAT=================
[2025/12/04 18:02:10] Qua Hoang Kim
[2025/12/04 18:02:10] =====> PHONG HOA LIEN THANH LEN LICH GIO CHAN, BAT DAU TU 20:00
[2025/12/04 18:02:10] Failed to init statdatamanager!
[2025/12/04 18:02:10] S3Relay -- S3Relay- Khoi dong hoan tat! 
[2025/12/04 18:02:10] 
*
***** S3Relay Start (@ 146405680/00/43200 00:-3192808:135861597.136280271) >>>>>
*


[2025/12/04 18:02:10] SockThread start success
[2025/12/04 18:02:10] Tinh Nang Da Khoi Dong-->Vuot Ai
[2025/12/04 18:02:10] Tinh Nang Da Khoi Dong-->Phong Lang Do
[2025/12/04 18:02:10] Tinh Nang Da Khoi Dong-->Tong Kim
[2025/12/04 18:02:10] Tinh Nang Da Khoi Dong-->Boss Hoang Kim
[2025/12/04 18:02:10] Tinh Nang Da Khoi Dong-->Boss Tieu Hoang Kim
[2025/12/04 18:02:10] Tinh Nang Da Khoi Dong-->That Thanh Dai Chien
[2025/12/04 18:02:10] Tinh Nang Da Khoi Dong-->Doan Hoa Dang
[2025/12/04 18:02:10] Tinh Nang Da Khoi Dong-->Lien Dau
[2025/12/04 18:02:19] ChatConnection create: 127.0.0.1
[2025/12/04 18:02:19] TongConnection create: 127.0.0.1
[2025/12/04 18:02:19] HostConnection create: 127.0.0.1
[2025/12/04 18:02:22] TongDataSendFinish: 127.0.0.1
[2025/12/04 18:02:22] GameServerLogin: 127.0.0.1
[2025/12/04 18:02:22] Assign Dynamic map(948,70011) for GS:0
[2025/12/04 18:02:22] GS:0 Total Dynamic map:1
[2025/12/04 18:02:22] GS:0 Total Static map:673
[2025/12/04 18:02:22] Assign Dynamic map(948,70012) for GS:0
[2025/12/04 18:02:22] GS:0 Total Dynamic map:2
[2025/12/04 18:02:22] GS:0 Total Static map:673
[2025/12/04 18:02:22] Assign Dynamic map(948,70013) for GS:0
[2025/12/04 18:02:22] GS:0 Total Dynamic map:3
[2025/12/04 18:02:22] GS:0 Total Static map:673
[2025/12/04 18:02:22] Assign Dynamic map(948,70014) for GS:0
[2025/12/04 18:02:22] GS:0 Total Dynamic map:4
[2025/12/04 18:02:22] GS:0 Total Static map:673
[2025/12/04 18:02:22] Assign Dynamic map(948,70015) for GS:0
[2025/12/04 18:02:22] GS:0 Total Dynamic map:5
[2025/12/04 18:02:22] GS:0 Total Static map:673
[2025/12/04 18:02:22] Assign Dynamic map(958,70016) for GS:0
[2025/12/04 18:02:22] GS:0 Total Dynamic map:6
[20