DateTime	Operation	Account	Role	Reason
DateTime	Operation	Account	Role	Reason
2025-08-31 21:27:25	AddIntoRoleBack	melgm	MelGameMaster	ByPlayer
DateTime	Operation	Account	Role	Reason
2025-09-02 20:39:19	AddIntoRoleBack	melhoa	TestThienNhan	ByPlayer
2025-09-02 20:41:20	AddIntoRoleBack	melhoa	TestThienNhan	ByPlayer
2025-09-02 20:52:33	AddIntoRoleBack	melhoa	TestThienNhan	ByPlayer
2025-09-02 20:54:48	AddIntoRoleBack	melhoa	TestThienNhan	ByPlayer
2025-09-02 20:59:41	AddIntoRoleBack	melhoa	TestThienNhan	ByPlayer
DateTime	Operation	Account	Role	Reason
2025-09-02 21:04:11	AddIntoRoleBack	melhoa	TestThienNhan	ByPlayer
DateTime	Operation	Account	Role	Reason
2025-09-02 21:13:52	AddIntoRoleBack	melhoa	TestThienNhan	ByPlayer
DateTime	Operation	Account	Role	Reason
2025-09-02 21:58:55	AddIntoRoleBack	melhoa	TestThienNhan	ByPlayer
DateTime	Operation	Account	Role	Reason
2025-10-27 19:51:08	AddIntoRoleBack	melgm	TestTaoNhanVat	ByPlayer
DateTime	Operation	Account	Role	Reason
2025-11-01 07:35:13	AddIntoRoleBack	tian5	Tian5VD	ByPlayer
2025-11-01 08:16:13	AddIntoRoleBack	hungnt03	DuongTam	ByPlayer
2025-11-01 09:08:54	AddIntoRoleBack	chiu2	CgiuNM	ByPlayer
2025-11-01 09:10:45	AddIntoRoleBack	kid0	ChillŸTL	ByPlayer
2025-11-01 09:12:45	AddIntoRoleBack	kid1	ChillŸ5ß	ByPlayer
2025-11-01 09:13:01	AddIntoRoleBack	kid2	ChillŸßM	ByPlayer
2025-11-01 09:13:13	AddIntoRoleBack	kid3	ChillŸNM	ByPlayer
2025-11-01 09:13:29	AddIntoRoleBack	kid4	ChillŸTN	ByPlayer
2025-11-01 09:13:44	AddIntoRoleBack	kid5	ChillŸCL	ByPlayer
2025-11-01 09:13:52	AddIntoRoleBack	kid6	ChillŸVß	ByPlayer
2025-11-01 09:13:59	AddIntoRoleBack	kid7	ChillŸCB	ByPlayer
2025-11-01 09:14:08	AddIntoRoleBack	kid7	TestTTL	ByPlayer
2025-11-01 09:20:09	AddIntoRoleBack	chiu7	ChiuVD	ByPlayer
2025-11-01 09:21:56	AddIntoRoleBack	chiu7	Ch1uCL	ByPlayer
2025-11-01 09:58:55	AddIntoRoleBack	tn	Nh…nNh…nNh…n	ByPlayer
2025-11-01 09:59:56	AddIntoRoleBack	tn	Thi™nNh…n	ByPlayer
