[2025/12/18 12:39:33] Delete event data: ShareKey(EVENT_cailuhongbao), Param1(-1), Param2(-1), Timeout(2020-3-30)
[2025/12/18 12:39:33] Delete event data: ShareKey(EVENT_MIDAUT_2010), Param1(-1), Param2(-1), Timeout(2020-10-19)
[2025/12/18 12:39:33] Delete event data: ShareKey(EVENT_dayanqunxia), Param1(-1), Param2(-1), Timeout(2020-3-20)
[2025/12/18 12:39:33] Delete event data: ShareKey(FUNC_RANK_EQUIPVALUE), Param1(-1), Param2(-1), Timeout(2020-6-4)
[2025/12/18 12:39:33] Delete event data: ShareKey(EVENT_April_zhushuai), Param1(-1), Param2(-1), Timeout(2020-6-4)
[2025/12/18 12:39:33] Loading All Scripts....................
[2025/12/18 12:39:33] Load Rank FUNC_RANK_EQUIPVALUE
[2025/12/18 12:39:33] Load Stable Rank count 0
[2025/12/18 12:39:33] Load Dynamic Rank count 0
[2025/12/18 12:39:33] Load Rank FUNC_RANK_EQUIPVALUE end
[2025/12/18 12:39:33] 
All Scripts Have Been Loaded! Count = 83
[2025/12/18 12:39:33] root client[:0] create
[2025/12/18 12:39:35] start autotimer for Ping: 
[2025/12/18 12:39:35] TRIP_MODE: None
[2025/12/18 12:39:35] Loading World Setting...
[2025/12/18 12:39:35] Reset map pho ban thanh cong
[2025/12/18 12:39:35] gateway client create: 127.0.0.1
[2025/12/18 12:39:35] Load LeagueData: LeagueType: 4, Leagues: 7, Roles: 7
[2025/12/18 12:39:35] Load LeagueData: LeagueType: 500, Leagues: 1, Roles: 1
[2025/12/18 12:39:35] Load LeagueData: LeagueType: 502, Leagues: 8, Roles: 8
[2025/12/18 12:39:35] Load LeagueData: LeagueType: 535, Leagues: 1, Roles: 0
[2025/12/18 12:39:35] Load LeagueData: LeagueType: 8888, Leagues: 9, Roles: 0
[2025/12/18 12:39:35] Load LeagueData: LeagueType: 10000, Leagues: 1, Roles: 0
[2025/12/18 12:39:35] =====> THONG BAO TIN TUC TU DONG
[2025/12/18 12:39:35] =====> BAT DAU KHOI DONG CAC TINH NANG CUA GAME VO LAM TRUYEN KY <=====
[2025/12/18 12:39:35] ================[START BOSS HOANG KIM [21:00 PM] ]==================
[2025/12/18 12:39:35] =================Phong Lang Do 13:0================== 
[2025/12/18 12:39:35] =====> CHIEN TRUONG TONG KIM BAT DAU DA LEN LICH GIO LE, BAT DAU TU 13:00 <=====
[2025/12/18 12:39:35] =====> VUOT AI KHIEU CHIEN THOI GIAN BAT DAU 13:0...
[2025/12/18 12:39:35] =====> BANG XEP HANG <THACH THUC THOI GIAN> MOI NGAY=======
[2025/12/18 12:39:35] =================GLOBALEXCUTECHAT=================
[2025/12/18 12:39:35] Qua Hoang Kim
[2025/12/18 12:39:35] =====> PHONG HOA LIEN THANH LEN LICH GIO CHAN, BAT DAU TU 14:00
[2025/12/18 12:39:35] Failed to init statdatamanager!
[2025/12/18 12:39:35] S3Relay -- S3Relay- Khoi dong hoan tat! 
[2025/12/18 12:39:35] 
*
***** S3Relay Start (@ 154110256/00/43200 00:-2379800:135861597.136280271) >>>>>
*


[2025/12/18 12:39:35] SockThread start success
[2025/12/18 12:39:35] Tinh Nang Da Khoi Dong-->Vuot Ai
[2025/12/18 12:39:35] Tinh Nang Da Khoi Dong-->Phong Lang Do
[2025/12/18 12:39:35] Tinh Nang Da Khoi Dong-->Tong Kim
[2025/12/18 12:39:35] Tinh Nang Da Khoi Dong-->Boss Hoang Kim
[2025/12/18 12:39:35] Tinh Nang Da Khoi Dong-->Boss Tieu Hoang Kim
[2025/12/18 12:39:35] Tinh Nang Da Khoi Dong-->That Thanh Dai Chien
[2025/12/18 12:39:35] Tinh Nang Da Khoi Dong-->Doan Hoa Dang
[2025/12/18 12:39:35] Tinh Nang Da Khoi Dong-->Lien Dau
[2025/12/18 12:39:44] ChatConnection create: 127.0.0.1
[2025/12/18 12:39:44] TongConnection create: 127.0.0.1
[2025/12/18 12:39:44] HostConnection create: 127.0.0.1
[2025/12/18 12:39:49] TongDataSendFinish: 127.0.0.1
[2025/12/18 12:39:49] GameServerLogin: 127.0.0.1
[2025/12/18 12:39:49] Assign Dynamic map(948,70101) for GS:0
[2025/12/18 12:39:49] GS:0 Total Dynamic map:1
[2025/12/18 12:39:49] GS:0 Total Static map:673
[2025/12/18 12:39:49] Assign Dynamic map(948,70102) for GS:0
[2025/12/18 12:39:49] GS:0 Total Dynamic map:2
[2025/12/18 12:39:49] GS:0 Total Static map:673
[2025/12/18 12:39:49] Assign Dynamic map(948,70103) for GS:0
[2025/12/18 12:39:49] GS:0 Total Dynamic map:3
[2025/12/18 12:39:49] GS:0 Total Static map:673
[2025/12/18 12:39:49] Assign Dynamic map(948,70104) for GS:0
[2025/12/18 12:39:49] GS:0 Total Dynamic map:4
[2025/